<?xml version="1.0" encoding="UTF-8"?>
<testsuite xmlns:xsi="http://www.w3.org/2001/XMLSchema-instance" xsi:noNamespaceSchemaLocation="https://maven.apache.org/surefire/maven-surefire-plugin/xsd/surefire-test-report-3.0.xsd" version="3.0" name="com.mycompany.registration.LoginTest" time="0.175" tests="33" errors="0" skipped="0" failures="0">
  <properties>
    <property name="java.specification.version" value="23"/>
    <property name="sun.cpu.isalist" value="amd64"/>
    <property name="sun.jnu.encoding" value="Cp1252"/>
    <property name="java.class.path" value="C:\Users\jolan\OneDrive\Desktop\registration\target\test-classes;C:\Users\jolan\OneDrive\Desktop\registration\target\classes;C:\Users\jolan\.m2\repository\org\junit\jupiter\junit-jupiter\5.10.3\junit-jupiter-5.10.3.jar;C:\Users\jolan\.m2\repository\org\junit\jupiter\junit-jupiter-api\5.10.3\junit-jupiter-api-5.10.3.jar;C:\Users\jolan\.m2\repository\org\opentest4j\opentest4j\1.3.0\opentest4j-1.3.0.jar;C:\Users\jolan\.m2\repository\org\junit\platform\junit-platform-commons\1.10.3\junit-platform-commons-1.10.3.jar;C:\Users\jolan\.m2\repository\org\apiguardian\apiguardian-api\1.1.2\apiguardian-api-1.1.2.jar;C:\Users\jolan\.m2\repository\junit\junit\4.13.2\junit-4.13.2.jar;C:\Users\jolan\.m2\repository\org\hamcrest\hamcrest-core\1.3\hamcrest-core-1.3.jar;C:\Users\jolan\.m2\repository\org\junit\jupiter\junit-jupiter-params\5.10.3\junit-jupiter-params-5.10.3.jar;C:\Users\jolan\.m2\repository\org\junit\jupiter\junit-jupiter-engine\5.10.3\junit-jupiter-engine-5.10.3.jar;C:\Users\jolan\.m2\repository\org\junit\platform\junit-platform-engine\1.10.3\junit-platform-engine-1.10.3.jar;C:\Users\jolan\.m2\repository\com\google\code\gson\gson\2.10.1\gson-2.10.1.jar;"/>
    <property name="java.vm.vendor" value="Oracle Corporation"/>
    <property name="sun.arch.data.model" value="64"/>
    <property name="user.variant" value=""/>
    <property name="java.vendor.url" value="https://java.oracle.com/"/>
    <property name="user.timezone" value="Africa/Johannesburg"/>
    <property name="os.name" value="Windows 11"/>
    <property name="java.vm.specification.version" value="23"/>
    <property name="sun.java.launcher" value="SUN_STANDARD"/>
    <property name="user.country" value="GB"/>
    <property name="sun.boot.library.path" value="C:\Program Files\Java\jdk-23\bin"/>
    <property name="sun.java.command" value="C:\Users\jolan\AppData\Local\Temp\surefire15483178604735060130\surefirebooter-20250526211102573_3.jar C:\Users\jolan\AppData\Local\Temp\surefire15483178604735060130 2025-05-26T21-11-02_312-jvmRun1 surefire-20250526211102573_1tmp surefire_0-20250526211102573_2tmp"/>
    <property name="jdk.debug" value="release"/>
    <property name="surefire.test.class.path" value="C:\Users\jolan\OneDrive\Desktop\registration\target\test-classes;C:\Users\jolan\OneDrive\Desktop\registration\target\classes;C:\Users\jolan\.m2\repository\org\junit\jupiter\junit-jupiter\5.10.3\junit-jupiter-5.10.3.jar;C:\Users\jolan\.m2\repository\org\junit\jupiter\junit-jupiter-api\5.10.3\junit-jupiter-api-5.10.3.jar;C:\Users\jolan\.m2\repository\org\opentest4j\opentest4j\1.3.0\opentest4j-1.3.0.jar;C:\Users\jolan\.m2\repository\org\junit\platform\junit-platform-commons\1.10.3\junit-platform-commons-1.10.3.jar;C:\Users\jolan\.m2\repository\org\apiguardian\apiguardian-api\1.1.2\apiguardian-api-1.1.2.jar;C:\Users\jolan\.m2\repository\junit\junit\4.13.2\junit-4.13.2.jar;C:\Users\jolan\.m2\repository\org\hamcrest\hamcrest-core\1.3\hamcrest-core-1.3.jar;C:\Users\jolan\.m2\repository\org\junit\jupiter\junit-jupiter-params\5.10.3\junit-jupiter-params-5.10.3.jar;C:\Users\jolan\.m2\repository\org\junit\jupiter\junit-jupiter-engine\5.10.3\junit-jupiter-engine-5.10.3.jar;C:\Users\jolan\.m2\repository\org\junit\platform\junit-platform-engine\1.10.3\junit-platform-engine-1.10.3.jar;C:\Users\jolan\.m2\repository\com\google\code\gson\gson\2.10.1\gson-2.10.1.jar;"/>
    <property name="sun.cpu.endian" value="little"/>
    <property name="user.home" value="C:\Users\jolan"/>
    <property name="user.language" value="en"/>
    <property name="java.specification.vendor" value="Oracle Corporation"/>
    <property name="java.version.date" value="2025-01-21"/>
    <property name="java.home" value="C:\Program Files\Java\jdk-23"/>
    <property name="file.separator" value="\"/>
    <property name="basedir" value="C:\Users\jolan\OneDrive\Desktop\registration"/>
    <property name="java.vm.compressedOopsMode" value="32-bit"/>
    <property name="line.separator" value="&#10;"/>
    <property name="java.vm.specification.vendor" value="Oracle Corporation"/>
    <property name="java.specification.name" value="Java Platform API Specification"/>
    <property name="surefire.real.class.path" value="C:\Users\jolan\AppData\Local\Temp\surefire15483178604735060130\surefirebooter-20250526211102573_3.jar"/>
    <property name="user.script" value=""/>
    <property name="sun.management.compiler" value="HotSpot 64-Bit Tiered Compilers"/>
    <property name="java.runtime.version" value="23.0.2+7-58"/>
    <property name="user.name" value="jolan"/>
    <property name="stdout.encoding" value="Cp1252"/>
    <property name="path.separator" value=";"/>
    <property name="os.version" value="10.0"/>
    <property name="java.runtime.name" value="Java(TM) SE Runtime Environment"/>
    <property name="file.encoding" value="UTF-8"/>
    <property name="java.vm.name" value="Java HotSpot(TM) 64-Bit Server VM"/>
    <property name="localRepository" value="C:\Users\jolan\.m2\repository"/>
    <property name="java.vendor.url.bug" value="https://bugreport.java.com/bugreport/"/>
    <property name="java.io.tmpdir" value="C:\Users\jolan\AppData\Local\Temp\"/>
    <property name="java.version" value="23.0.2"/>
    <property name="user.dir" value="C:\Users\jolan\OneDrive\Desktop\registration"/>
    <property name="os.arch" value="amd64"/>
    <property name="java.vm.specification.name" value="Java Virtual Machine Specification"/>
    <property name="sun.os.patch.level" value=""/>
    <property name="native.encoding" value="Cp1252"/>
    <property name="java.library.path" value="C:\Program Files\Java\jdk-23\bin;C:\WINDOWS\Sun\Java\bin;C:\WINDOWS\system32;C:\WINDOWS;C:\Program Files\Common Files\Oracle\Java\javapath;C:\Program Files\Java\jdk-23\bin;C:\Users\jolan\AppData\Local\Microsoft\WindowsApps;C:\Users\jolan\AppData\Local\Programs\Python\Python312;C:\Users\jolan\AppData\Local\Programs\Python\Python312\Scripts;C:\WINDOWS\system32;C:\WINDOWS;C:\WINDOWS\System32\Wbem;C:\WINDOWS\System32\WindowsPowerShell\v1.0\;C:\WINDOWS\System32\OpenSSH\;C:\Program Files\Git\cmd;C:\Program Files\apache-maven-3.9.9\bin;C:\Users\jolan\anaconda3;C:\Users\jolan\anaconda3\Library\mingw-w64\bin;C:\Users\jolan\anaconda3\Library\usr\bin;C:\Users\jolan\anaconda3\Library\bin;C:\Users\jolan\anaconda3\Scripts;C:\Users\jolan\anaconda;C:\Users\jolan\anaconda\Library\mingw-w64\bin;C:\Users\jolan\anaconda\Library\usr\bin;C:\Users\jolan\anaconda\Library\bin;C:\Users\jolan\anaconda\Scripts;C:\Users\jolan\AppData\Local\Programs\Python\Launcher\;C:\Users\jolan\AppData\Local\Microsoft\WindowsApps;C:\Users\jolan\AppData\Local\JetBrains\Toolbox\scripts;C:\Users\jolan\AppData\Local\Programs\Microsoft VS Code\bin;C:\Users\jolan\AppData\Local\Microsoft\WinGet\Links;C:\Users\jolan\AppData\Roaming\npm;%USERPROFILE%\AppData\Local\Microsoft\WindowsApps;;."/>
    <property name="java.vm.info" value="mixed mode, sharing"/>
    <property name="stderr.encoding" value="Cp1252"/>
    <property name="java.vendor" value="Oracle Corporation"/>
    <property name="java.vm.version" value="23.0.2+7-58"/>
    <property name="sun.io.unicode.encoding" value="UnicodeLittle"/>
    <property name="java.class.version" value="67.0"/>
  </properties>
  <testcase name="testReturnCellPhoneNumber" classname="com.mycompany.registration.LoginTest" time="0.048"/>
  <testcase name="testReturnLoginStatus" classname="com.mycompany.registration.LoginTest" time="0.002"/>
  <testcase name="testGetRegisteredPassword" classname="com.mycompany.registration.LoginTest" time="0.001"/>
  <testcase name="testGetLoginPassword" classname="com.mycompany.registration.LoginTest" time="0.001"/>
  <testcase name="testUsernameCorrectlyFormatted_AssertTrue" classname="com.mycompany.registration.LoginTest" time="0.007"/>
  <testcase name="testPasswordMeetsRequirements_AssertTrue" classname="com.mycompany.registration.LoginTest" time="0.002"/>
  <testcase name="testUsernameIncorrectlyFormatted_AssertFalse" classname="com.mycompany.registration.LoginTest" time="0.002"/>
  <testcase name="testLoginSuccess" classname="com.mycompany.registration.LoginTest" time="0.001"/>
  <testcase name="testLoginFail" classname="com.mycompany.registration.LoginTest" time="0.001"/>
  <testcase name="testLoginUser" classname="com.mycompany.registration.LoginTest" time="0.001"/>
  <testcase name="testCellPhoneIncorrectlyFormatted_AssertEquals" classname="com.mycompany.registration.LoginTest" time="0.004"/>
  <testcase name="testSetLoginUsername" classname="com.mycompany.registration.LoginTest" time="0.002"/>
  <testcase name="testSetRegisteredUsername" classname="com.mycompany.registration.LoginTest" time="0.001"/>
  <testcase name="testPasswordMeetsRequirements_AssertEquals" classname="com.mycompany.registration.LoginTest" time="0.002"/>
  <testcase name="testRegisterUser" classname="com.mycompany.registration.LoginTest" time="0.001"/>
  <testcase name="testCheckPasswordComplexity" classname="com.mycompany.registration.LoginTest" time="0.001"/>
  <testcase name="testCellPhoneCorrectlyFormatted_AssertEquals" classname="com.mycompany.registration.LoginTest" time="0.001"/>
  <testcase name="testSetRegisteredPhoneNumber" classname="com.mycompany.registration.LoginTest" time="0.002"/>
  <testcase name="testCheckUserName" classname="com.mycompany.registration.LoginTest" time="0.001"/>
  <testcase name="testCellPhoneCorrectlyFormatted_AssertTrue" classname="com.mycompany.registration.LoginTest" time="0.002"/>
  <testcase name="testGetRegisteredPhoneNumber" classname="com.mycompany.registration.LoginTest" time="0.001"/>
  <testcase name="testPasswordDoesNotMeetRequirements_AssertEquals" classname="com.mycompany.registration.LoginTest" time="0.001"/>
  <testcase name="testSetLoginPassword" classname="com.mycompany.registration.LoginTest" time="0.001"/>
  <testcase name="testSetRegisteredPassword" classname="com.mycompany.registration.LoginTest" time="0.001"/>
  <testcase name="testCellPhoneIncorrectlyFormatted_AssertFalse" classname="com.mycompany.registration.LoginTest" time="0.001"/>
  <testcase name="testGetRegisteredUsername" classname="com.mycompany.registration.LoginTest" time="0.001"/>
  <testcase name="testWelcomeInput" classname="com.mycompany.registration.LoginTest" time="0.001"/>
  <testcase name="testGetLoginUsername" classname="com.mycompany.registration.LoginTest" time="0.0"/>
  <testcase name="testUsernameCorrectlyFormatted_AssertEquals" classname="com.mycompany.registration.LoginTest" time="0.001"/>
  <testcase name="testAddCellPhoneNumber" classname="com.mycompany.registration.LoginTest" time="0.001"/>
  <testcase name="testUsernameIncorrectlyFormatted_AssertEquals" classname="com.mycompany.registration.LoginTest" time="0.001"/>
  <testcase name="testCheckCellPhoneNumber" classname="com.mycompany.registration.LoginTest" time="0.002"/>
  <testcase name="testPasswordDoesNotMeetRequirements_AssertFalse" classname="com.mycompany.registration.LoginTest" time="0.002"/>
</testsuite>